#
# A fatal error has been detected by the Java Runtime Environment:
#
#  Internal Error (classFileParser.cpp:3494), pid=7844, tid=25544
#  Error: ShouldNotReachHere()
#
# JRE version: 6.0_27-b07
# Java VM: Java HotSpot(TM) 64-Bit Server VM (20.2-b06 mixed mode windows-amd64 compressed oops)
# If you would like to submit a bug report, please visit:
#   http://java.sun.com/webapps/bugreport/crash.jsp
#

---------------  T H R E A D  ---------------

Current thread (0x000000000028c800):  JavaThread "Unknown thread" [_thread_in_vm, id=25544, stack(0x00000000028e0000,0x00000000029e0000)]

Stack: [0x00000000028e0000,0x00000000029e0000]
[error occurred during error reporting (printing stack bounds), id 0xc0000005]


---------------  P R O C E S S  ---------------

Java Threads: ( => current thread )

Other Threads:

=>0x000000000028c800 (exited) JavaThread "Unknown thread" [_thread_in_vm, id=25544, stack(0x00000000028e0000,0x00000000029e0000)]

VM state:not at safepoint (not fully initialized)

VM Mutex/Monitor currently owned by a thread: None

Dynamic libraries:
0x0000000000400000 - 0x000000000042e000 	C:\Program Files\Java\jre6\bin\javaw.exe
0x0000000076d60000 - 0x0000000076f09000 	C:\Windows\SYSTEM32\ntdll.dll
0x0000000076680000 - 0x000000007679f000 	C:\Windows\system32\kernel32.dll
0x000007fefd3b0000 - 0x000007fefd41c000 	C:\Windows\system32\KERNELBASE.dll
0x000007fefe7c0000 - 0x000007fefe89b000 	C:\Windows\system32\ADVAPI32.dll
0x000007fefe8a0000 - 0x000007fefe93f000 	C:\Windows\system32\msvcrt.dll
0x000007fefeda0000 - 0x000007fefedbf000 	C:\Windows\SYSTEM32\sechost.dll
0x000007fefef10000 - 0x000007feff03d000 	C:\Windows\system32\RPCRT4.dll
0x0000000076c60000 - 0x0000000076d5a000 	C:\Windows\system32\USER32.dll
0x000007fefe970000 - 0x000007fefe9d7000 	C:\Windows\system32\GDI32.dll
0x000007fefd630000 - 0x000007fefd63e000 	C:\Windows\system32\LPK.dll
0x000007fefee40000 - 0x000007fefef09000 	C:\Windows\system32\USP10.dll
0x000007feff040000 - 0x000007feff06e000 	C:\Windows\system32\IMM32.DLL
0x000007fefec40000 - 0x000007fefed49000 	C:\Windows\system32\MSCTF.dll
0x000007fefd180000 - 0x000007fefd1bc000 	C:\Windows\system32\nvinitx.dll
0x000000000f000000 - 0x000000000f006000 	C:\Program Files\NVIDIA Corporation\CoProcManager\_etoured.dll
0x000007fefa4d0000 - 0x000007fefa514000 	C:\Program Files\NVIDIA Corporation\CoProcManager\nvd3d9wrapx.dll
0x000007fefe5e0000 - 0x000007fefe7b7000 	C:\Windows\system32\SETUPAPI.dll
0x000007fefd290000 - 0x000007fefd2c6000 	C:\Windows\system32\CFGMGR32.dll
0x000007fefea80000 - 0x000007fefeb57000 	C:\Windows\system32\OLEAUT32.dll
0x000007fefd640000 - 0x000007fefd843000 	C:\Windows\system32\ole32.dll
0x000007fefd270000 - 0x000007fefd28a000 	C:\Windows\system32\DEVOBJ.dll
0x000007fefa480000 - 0x000007fefa4c2000 	C:\Program Files\NVIDIA Corporation\CoProcManager\nvdxgiwrapx.dll
0x000000006d7f0000 - 0x000000006dfa8000 	C:\Program Files\Java\jre6\bin\server\jvm.dll
0x000007fefb2b0000 - 0x000007fefb2eb000 	C:\Windows\system32\WINMM.dll
0x000000006d760000 - 0x000000006d76e000 	C:\Program Files\Java\jre6\bin\verify.dll
0x000000006d3b0000 - 0x000000006d3d7000 	C:\Program Files\Java\jre6\bin\java.dll
0x000000006d7b0000 - 0x000000006d7c2000 	C:\Program Files\Java\jre6\bin\zip.dll
0x0000000076f30000 - 0x0000000076f37000 	C:\Windows\system32\PSAPI.DLL

VM Arguments:
jvm_args: -Dfile.encoding=Cp1252 -Xbootclasspath:C:\Android Development\sdk\platforms\android-17\android.jar 
java_command: com.northwestern.mapshare.BroadcastManager
Launcher Type: SUN_STANDARD

Environment Variables:
JAVA_HOME=C:\Program Files (x86)\Java\jdk1.7.0_21;
PATH=C:\Program Files\Common Files\Microsoft Shared\Windows Live;C:\Program Files (x86)\Common Files\Microsoft Shared\Windows Live;C:\Windows\system32;C:\Windows;C:\Windows\System32\Wbem;C:\Windows\System32\WindowsPowerShell\v1.0\;C:\Program Files\Intel\WiFi\bin\;C:\Program Files\Common Files\Intel\WirelessCommon\;C:\Program Files (x86)\Windows Live\Shared;C:\Program Files (x86)\Common Files\Roxio Shared\DLLShared\;C:\Program Files (x86)\Common Files\Roxio Shared\OEM\DLLShared\;C:\Program Files (x86)\Common Files\Roxio Shared\OEM\DLLShared\;C:\Program Files (x86)\Common Files\Roxio Shared\OEM\12.0\DLLShared\;C:\Program Files (x86)\Roxio\OEM\AudioCore\;c:\Program Files (x86)\Microsoft SQL Server\100\Tools\Binn\;c:\Program Files\Microsoft SQL Server\100\Tools\Binn\;c:\Program Files\Microsoft SQL Server\100\DTS\Binn\;C:\Program Files\TortoiseSVN\bin;C:\Go\bin;C:\Program Files\OpenVPN\bin;C:\Program Files (x86)\Git\cmd;C:\Program Files\Microsoft\Web Platform Installer\;C:\Program Files (x86)\Microsoft ASP.NET\ASP.NET Web Pages\v1.0\;C:\Program Files (x86)\Windows Kits\8.0\Windows Performance Toolkit\;C:\Program Files\Microsoft SQL Server\110\Tools\Binn\;C:\Python27;;C:\Program Files (x86)\PrimeSense\NITE\bin;;C:\Program Files\PrimeSense\NITE\bin64;C:\Program Files (x86)\Java\jdk1.7.0_21\bin\;C:\Program Files (x86)\SSH Communications Security\SSH Secure Shell;\Users\Bonzo\Documents\EECS_345\kademlia-go\bin
USERNAME=Bonzo
OS=Windows_NT
PROCESSOR_IDENTIFIER=Intel64 Family 6 Model 42 Stepping 7, GenuineIntel



---------------  S Y S T E M  ---------------

OS: Windows 7 , 64 bit Build 7601 Service Pack 1

CPU:total 8 (4 cores per cpu, 2 threads per core) family 6 model 42 stepping 7, cmov, cx8, fxsr, mmx, sse, sse2, sse3, ssse3, sse4.1, sse4.2, popcnt, ht

Memory: 4k page, physical 4085932k(1195416k free), swap 8170016k(2815484k free)

vm_info: Java HotSpot(TM) 64-Bit Server VM (20.2-b06) for windows-amd64 JRE (1.6.0_27-b07), built on Jul 19 2011 01:08:22 by "java_re" with MS VC++ 8.0 (VS2005)

time: Wed Jun 12 02:37:33 2013
elapsed time: 0 seconds

